proguard/mapping.txt
com.xdlv.async.IMainTask -> com.xdlv.async.a:
    android.os.Message test(int,int,java.lang.String) -> a
com.xdlv.async.MainActivity -> com.xdlv.async.MainActivity:
    com.xdlv.async.IMainTask task -> a
    void onCreate(android.os.Bundle) -> onCreate
    void procMessage(android.os.Message) -> procMessage
    void onPause() -> onPause
    boolean onCreateOptionsMenu(android.view.Menu) -> onCreateOptionsMenu
com.xdlv.async.MainActivity$1 -> com.xdlv.async.b:
    com.xdlv.async.MainActivity this$0 -> a
    void onClick(android.view.View) -> onClick
com.xdlv.async.MainActivity$2 -> com.xdlv.async.c:
    com.xdlv.async.MainActivity this$0 -> a
    void onClick(android.view.View) -> onClick
com.xdlv.async.MainTaskProxy -> com.xdlv.async.d:
    android.app.AlertDialog alertDialog -> a
    java.lang.String TAG -> b
    android.os.Message test(int,int,java.lang.String) -> a
    void preExecute(int) -> a
    void postExecute(int) -> b
    boolean filter(int) -> c
com.xdlv.async.task.AsyncTask -> com.xdlv.async.task.a:
    int CPU_COUNT -> c
    int CORE_POOL_SIZE -> d
    int MAXIMUM_POOL_SIZE -> e
    java.util.concurrent.ThreadFactory sThreadFactory -> f
    java.util.concurrent.BlockingQueue sPoolWorkQueue -> g
    java.util.concurrent.Executor THREAD_POOL_EXECUTOR -> a
    java.util.concurrent.Executor SERIAL_EXECUTOR -> b
    com.xdlv.async.task.AsyncTask$InternalHandler sHandler -> h
    java.util.concurrent.Executor sDefaultExecutor -> i
    com.xdlv.async.task.AsyncTask$WorkerRunnable mWorker -> j
    java.util.concurrent.FutureTask mFuture -> k
    com.xdlv.async.task.AsyncTask$Status mStatus -> l
    java.util.concurrent.atomic.AtomicBoolean mCancelled -> m
    java.util.concurrent.atomic.AtomicBoolean mTaskInvoked -> n
    int[] $SWITCH_TABLE$com$xdlv$async$task$AsyncTask$Status -> o
    void postResultIfNotInvoked(java.lang.Object) -> c
    java.lang.Object postResult(java.lang.Object) -> d
    java.lang.Object doInBackground(java.lang.Object[]) -> a
    void onPreExecute() -> a
    void onPostExecute(java.lang.Object) -> a
    void onProgressUpdate(java.lang.Object[]) -> b
    void onCancelled(java.lang.Object) -> b
    void onCancelled() -> b
    boolean isCancelled() -> c
    boolean cancel(boolean) -> a
    com.xdlv.async.task.AsyncTask executeOnExecutor(java.util.concurrent.ScheduledExecutorService,int,java.lang.Object[]) -> a
    void finish(java.lang.Object) -> e
com.xdlv.async.task.AsyncTask$1 -> com.xdlv.async.task.b:
    java.util.concurrent.atomic.AtomicInteger mCount -> a
    java.lang.Thread newThread(java.lang.Runnable) -> newThread
com.xdlv.async.task.AsyncTask$2 -> com.xdlv.async.task.c:
    com.xdlv.async.task.AsyncTask this$0 -> a
    java.lang.Object call() -> call
com.xdlv.async.task.AsyncTask$3 -> com.xdlv.async.task.d:
    com.xdlv.async.task.AsyncTask this$0 -> a
    void done() -> done
com.xdlv.async.task.AsyncTask$AsyncTaskResult -> com.xdlv.async.task.e:
    com.xdlv.async.task.AsyncTask mTask -> a
    java.lang.Object[] mData -> b
com.xdlv.async.task.AsyncTask$InternalHandler -> com.xdlv.async.task.f:
    void handleMessage(android.os.Message) -> handleMessage
com.xdlv.async.task.AsyncTask$SerialExecutor -> com.xdlv.async.task.g:
    java.util.ArrayDeque mTasks -> a
    java.lang.Runnable mActive -> b
    void execute(java.lang.Runnable) -> execute
    void scheduleNext() -> a
com.xdlv.async.task.AsyncTask$SerialExecutor$1 -> com.xdlv.async.task.h:
    com.xdlv.async.task.AsyncTask$SerialExecutor this$1 -> a
    java.lang.Runnable val$r -> b
    void run() -> run
com.xdlv.async.task.AsyncTask$Status -> com.xdlv.async.task.i:
    com.xdlv.async.task.AsyncTask$Status PENDING -> a
    com.xdlv.async.task.AsyncTask$Status RUNNING -> b
    com.xdlv.async.task.AsyncTask$Status FINISHED -> c
    com.xdlv.async.task.AsyncTask$Status[] ENUM$VALUES -> d
    com.xdlv.async.task.AsyncTask$Status[] values() -> values
    com.xdlv.async.task.AsyncTask$Status valueOf(java.lang.String) -> valueOf
...
android.support.v4.view.VelocityTrackerCompat$HoneycombVelocityTrackerVersionImpl -> android.support.v4.view.u:
    float getXVelocity(android.view.VelocityTracker,int) -> a
    float getYVelocity(android.view.VelocityTracker,int) -> b
android.support.v4.view.VelocityTrackerCompat$VelocityTrackerVersionImpl -> android.support.v4.view.v:
    float getXVelocity(android.view.VelocityTracker,int) -> a
    float getYVelocity(android.view.VelocityTracker,int) -> b
android.support.v4.view.VelocityTrackerCompatHoneycomb -> android.support.v4.view.w:
    float getXVelocity(android.view.VelocityTracker,int) -> a
    float getYVelocity(android.view.VelocityTracker,int) -> b
android.support.v4.view.ViewCompat -> android.support.v4.view.x:
    android.support.v4.view.ViewCompat$ViewCompatImpl IMPL -> a
    boolean canScrollHorizontally(android.view.View,int) -> a
    int getOverScrollMode(android.view.View) -> a
    void postInvalidateOnAnimation(android.view.View) -> b
    void postInvalidateOnAnimation(android.view.View,int,int,int,int) -> a
    void postOnAnimation(android.view.View,java.lang.Runnable) -> a
    void setLayerType(android.view.View,int,android.graphics.Paint) -> a
    int getLayerType(android.view.View) -> c
    void setLayerPaint(android.view.View,android.graphics.Paint) -> a
    int getLayoutDirection(android.view.View) -> d
    boolean isOpaque(android.view.View) -> e
android.support.v4.view.ViewCompat$BaseViewCompatImpl -> android.support.v4.view.y:
    boolean canScrollHorizontally(android.view.View,int) -> a
    int getOverScrollMode(android.view.View) -> a
    void postInvalidateOnAnimation(android.view.View) -> b
    void postInvalidateOnAnimation(android.view.View,int,int,int,int) -> a
    void postOnAnimation(android.view.View,java.lang.Runnable) -> a
    long getFrameTime() -> a
    void setLayerType(android.view.View,int,android.graphics.Paint) -> a
    int getLayerType(android.view.View) -> c
    void setLayerPaint(android.view.View,android.graphics.Paint) -> a
    int getLayoutDirection(android.view.View) -> d
    boolean isOpaque(android.view.View) -> e
android.support.v4.view.ViewCompat$EclairMr1ViewCompatImpl -> android.support.v4.view.z:
    boolean isOpaque(android.view.View) -> e
android.support.v4.view.ViewCompat$GBViewCompatImpl -> android.support.v4.view.aa:
    int getOverScrollMode(android.view.View) -> a
android.support.v4.view.ViewCompat$HCViewCompatImpl -> android.support.v4.view.ab:
    long getFrameTime() -> a
    void setLayerType(android.view.View,int,android.graphics.Paint) -> a
    int getLayerType(android.view.View) -> c
    void setLayerPaint(android.view.View,android.graphics.Paint) -> a
android.support.v4.view.ViewCompat$ICSViewCompatImpl -> android.support.v4.view.ac:
    boolean canScrollHorizontally(android.view.View,int) -> a
android.support.v4.view.ViewCompat$JBViewCompatImpl -> android.support.v4.view.ad:
    void postInvalidateOnAnimation(android.view.View) -> b
    void postInvalidateOnAnimation(android.view.View,int,int,int,int) -> a
    void postOnAnimation(android.view.View,java.lang.Runnable) -> a
android.support.v4.view.ViewCompat$JbMr1ViewCompatImpl -> android.support.v4.view.ae:
    void setLayerPaint(android.view.View,android.graphics.Paint) -> a
    int getLayoutDirection(android.view.View) -> d
android.support.v4.view.ViewCompat$KitKatViewCompatImpl -> android.support.v4.view.af: