proguard/usage.txt
com.xdlv.async.BuildConfig
com.xdlv.async.MainTask
com.xdlv.async.R
com.xdlv.async.R$attr
com.xdlv.async.R$dimen
com.xdlv.async.R$drawable
com.xdlv.async.R$id
com.xdlv.async.R$layout
com.xdlv.async.R$menu
com.xdlv.async.R$string
com.xdlv.async.R$style
com.xdlv.async.log.FileLogUtils
com.xdlv.async.task.AsyncTask:
    private static final java.lang.String LOG_TAG
    private static final int KEEP_ALIVE
    private static final int MESSAGE_POST_RESULT
    private static final int MESSAGE_POST_PROGRESS
    274:275:public static void init()
    279:280:public static void setDefaultExecutor(java.util.concurrent.Executor)
    334:334:public final com.xdlv.async.task.AsyncTask$Status getStatus()
    484:484:public final java.lang.Object get()
    504:504:public final java.lang.Object get(long,java.util.concurrent.TimeUnit)
    536:536:public final varargs com.xdlv.async.task.AsyncTask execute(java.lang.Object[])
    575:594:public varargs com.xdlv.async.task.AsyncTask executeOnExecutor(java.util.concurrent.Executor,java.lang.Object[])
    633:634:public static void execute(java.lang.Runnable)
    651:655:protected final varargs void publishProgress(java.lang.Object[])
com.xdlv.async.task.CommonProcess
com.xdlv.async.task.CommonProcess$1
com.xdlv.async.task.CommonProcess$2
com.xdlv.async.task.CommonProcess$2$1
com.xdlv.async.task.CommonProcess$2$2
com.xdlv.async.task.CommonTask:
    static final java.lang.String TAG
    com.xdlv.async.task.CommonTask$TaskListener listener
    long delay
    java.lang.Object[] para
    37:43:boolean executable()
    46:47:public com.xdlv.async.task.CommonTask bundle(java.lang.Object)
    50:51:public com.xdlv.async.task.CommonTask delay(long)
    54:55:public com.xdlv.async.task.CommonTask para(java.lang.Object[])
    58:59:public com.xdlv.async.task.CommonTask executed(boolean)
    68:68:protected android.os.Message obtainMessage(java.lang.Object)
    72:72:protected android.os.Message obtainFinishMessage(org.json.JSONObject)
    174:175:protected void w(java.lang.String,java.lang.Throwable)
com.xdlv.async.task.CommonTask$TaskListener
com.xdlv.async.task.ProxyCommonTask$Data
...
android.support.v4.widget.SearchViewCompat$SearchViewCompatHoneycombImpl$2
android.support.v4.widget.SearchViewCompat$SearchViewCompatIcsImpl
android.support.v4.widget.SearchViewCompat$SearchViewCompatImpl
android.support.v4.widget.SearchViewCompat$SearchViewCompatStubImpl
android.support.v4.widget.SearchViewCompatHoneycomb
android.support.v4.widget.SearchViewCompatHoneycomb$1
android.support.v4.widget.SearchViewCompatHoneycomb$2
android.support.v4.widget.SearchViewCompatHoneycomb$OnCloseListenerCompatBridge
android.support.v4.widget.SearchViewCompatHoneycomb$OnQueryTextListenerCompatBridge
android.support.v4.widget.SearchViewCompatIcs
android.support.v4.widget.SearchViewCompatIcs$MySearchView
android.support.v4.widget.SimpleCursorAdapter
android.support.v4.widget.SimpleCursorAdapter$CursorToStringConverter
android.support.v4.widget.SimpleCursorAdapter$ViewBinder
android.support.v4.widget.SlidingPaneLayout:
    private static final java.lang.String TAG
    private static final int DEFAULT_OVERHANG_SIZE
    private static final int DEFAULT_FADE_COLOR
    private static final int MIN_FLING_VELOCITY
    244:245:public SlidingPaneLayout(android.content.Context)
    248:249:public SlidingPaneLayout(android.content.Context,android.util.AttributeSet)
    252:267:public SlidingPaneLayout(android.content.Context,android.util.AttributeSet,int)
    328:331:void dispatchOnPanelSlide(android.view.View)
    334:338:void dispatchOnPanelOpened(android.view.View)
    341:345:void dispatchOnPanelClosed(android.view.View)
    848:849:public void smoothSlideOpen()
    866:867:public void smoothSlideClosed()
    895:895:public boolean canSlide()
    909:922:private void onPanelDragged(int)
    1103:1122:protected boolean canScroll(android.view.View,boolean,int,int,int)
    88:88:static synthetic boolean access$100(android.support.v4.widget.SlidingPaneLayout)
    88:88:static synthetic android.support.v4.widget.ViewDragHelper access$200(android.support.v4.widget.SlidingPaneLayout)
    88:88:static synthetic float access$300(android.support.v4.widget.SlidingPaneLayout)
    88:88:static synthetic android.view.View access$400(android.support.v4.widget.SlidingPaneLayout)
    88:88:static synthetic boolean access$502(android.support.v4.widget.SlidingPaneLayout,boolean)
    88:88:static synthetic void access$600(android.support.v4.widget.SlidingPaneLayout,int)
android.support.v4.widget.SlidingPaneLayout$AccessibilityDelegate
android.support.v4.widget.SlidingPaneLayout$DragHelperCallback
android.support.v4.widget.SlidingPaneLayout$LayoutParams:
    1277:1278:public SlidingPaneLayout$LayoutParams(int,int)
    1289:1291:public SlidingPaneLayout$LayoutParams(android.support.v4.widget.SlidingPaneLayout$LayoutParams)
android.support.v4.widget.SlidingPaneLayout$PanelSlideListener:
    public abstract void onPanelSlide(android.view.View,float)
    public abstract void onPanelOpened(android.view.View)
    public abstract void onPanelClosed(android.view.View)
android.support.v4.widget.SlidingPaneLayout$SimplePanelSlideListener